<?xml version="1.0" encoding="UTF-8"?>
<testsuite name="com.khazalcodes.VendingMachineCsvDaoTest" tests="3" skipped="0" failures="0" errors="0" timestamp="2021-10-31T17:36:45" hostname="nona" time="0.027">
  <properties/>
  <testcase name="getDbAsMap()" classname="com.khazalcodes.VendingMachineCsvDaoTest" time="0.019"/>
  <testcase name="saveDb()" classname="com.khazalcodes.VendingMachineCsvDaoTest" time="0.002"/>
  <testcase name="dbPathIsCorrect()" classname="com.khazalcodes.VendingMachineCsvDaoTest" time="0.004"/>
  <system-out><![CDATA[]]></system-out>
  <system-err><![CDATA[]]></system-err>
</testsuite>
